* using log directory ‘/home/trosendal/projects/check.suggest/check.suggest.Rcheck’
* using R version 4.2.2 (2022-10-31)
* using platform: x86_64-redhat-linux-gnu (64-bit)
* using session charset: UTF-8
* using options ‘--run-dontrun --no-stop-on-test-error --as-cran’
* checking for file ‘check.suggest/DESCRIPTION’ ... OK
* this is package ‘check.suggest’ version ‘0.1’
* package encoding: UTF-8
* checking package namespace information ... OK
* checking package dependencies ... OK
* checking if this is a source package ... OK
* checking if there is a namespace ... OK
* checking for executable files ... OK
* checking for hidden files and directories ... OK
* checking for portable file names ... OK
* checking for sufficient/correct file permissions ... OK
* checking whether package ‘check.suggest’ can be installed ... OK
* checking installed package size ... OK
* checking package directory ... OK
* checking for future file timestamps ... OK
* checking DESCRIPTION meta-information ... OK
* checking top-level files ... NOTE
Non-standard file/directory found at top level:
  ‘Makefile’
* checking for left-over files ... OK
* checking index information ... OK
* checking package subdirectories ... OK
* checking R files for non-ASCII characters ... OK
* checking R files for syntax errors ... OK
* checking whether the package can be loaded ... OK
* checking whether the package can be loaded with stated dependencies ... OK
* checking whether the package can be unloaded cleanly ... OK
* checking whether the namespace can be loaded with stated dependencies ... OK
* checking whether the namespace can be unloaded cleanly ... OK
* checking loading without being on the library search path ... OK
* checking dependencies in R code ... OK
* checking S3 generic/method consistency ... OK
* checking replacement functions ... OK
* checking foreign function calls ... OK
* checking R code for possible problems ... OK
* checking Rd files ... OK
* checking Rd metadata ... OK
* checking Rd line widths ... OK
* checking Rd cross-references ... OK
* checking for missing documentation entries ... OK
* checking for code/documentation mismatches ... OK
* checking Rd \usage sections ... OK
* checking Rd contents ... OK
* checking for unstated dependencies in examples ... OK
* checking line endings in Makefiles ... OK
* checking for GNU extensions in Makefiles ... WARNING
Found the following file(s) containing GNU extensions:
  Makefile
Portable Makefiles do not use GNU extensions such as +=, :=, $(shell),
$(wildcard), ifeq ... endif, .NOTPARALLEL See section ‘Writing portable
packages’ in the ‘Writing R Extensions’ manual.
* checking include directives in Makefiles ... OK
* checking examples ... NONE
* checking PDF version of manual ... OK
* skipping checking HTML version of manual: no command ‘tidy’ found
* checking for non-standard things in the check directory ... OK
* checking for detritus in the temp directory ... OK
* DONE
Status: 1 WARNING, 1 NOTE
